<?xml version="1.0" encoding="UTF-8"?>
<testsuite name="ReplaceTest" tests="4" skipped="0" failures="0" errors="0" timestamp="2016-04-21T00:00:55" hostname="epicodus-62.local" time="0.314">
  <properties/>
  <testcase name="findAndReplace_replaceHelloWithGoodbyeCaseInsensitive_goodbyeWorld" classname="ReplaceTest" time="0.003"/>
  <testcase name="findAndReplace_replaceCatwithDog_Doghedral" classname="ReplaceTest" time="0.0"/>
  <testcase name="findAndReplace_replaceHelloWithGoodbye_goodbyeWorld" classname="ReplaceTest" time="0.001"/>
  <testcase name="rootTest" classname="ReplaceTest" time="0.295"/>
  <system-out><![CDATA[]]></system-out>
  <system-err><![CDATA[[Thread-4] INFO org.eclipse.jetty.util.log - Logging initialized @532ms
[Thread-4] INFO spark.webserver.JettySparkServer - == Spark has ignited ...
[Thread-4] INFO spark.webserver.JettySparkServer - >> Listening on 0.0.0.0:4567
[Thread-4] INFO org.eclipse.jetty.server.Server - jetty-9.3.2.v20150730
[Thread-4] INFO org.eclipse.jetty.server.ServerConnector - Started ServerConnector@5a45355d{HTTP/1.1,[http/1.1]}{0.0.0.0:4567}
[Thread-4] INFO org.eclipse.jetty.server.Server - Started @609ms
[Test worker] INFO spark.webserver.JettySparkServer - >>> Spark shutting down ...
[Test worker] INFO org.eclipse.jetty.server.ServerConnector - Stopped ServerConnector@5a45355d{HTTP/1.1,[http/1.1]}{0.0.0.0:4567}
[Test worker] INFO spark.webserver.JettySparkServer - done
]]></system-err>
</testsuite>
